build/app/intermediates/manifest_merge_blame_file/release/manifest-merger-blame-release-report.txt
1<?xml version="1.0" encoding="utf-8"?>
2<manifest xmlns:android="http://schemas.android.com/apk/res/android"
3    package="com.example.w_health"
4    android:versionCode="1"
5    android:versionName="1.0.0" >
6
7    <uses-sdk
8        android:minSdkVersion="21"
8-->src\main\AndroidManifest.xml
9        android:targetSdkVersion="33" />
9-->src\main\AndroidManifest.xml
10
11    <uses-permission android:name="android.permission.INTERNET" />
11-->[:firebase_messaging] AndroidManifest.xml:9:5-67
11-->[:firebase_messaging] AndroidManifest.xml:9:22-64
12    <uses-permission android:name="android.permission.WAKE_LOCK" />
12-->[:firebase_messaging] AndroidManifest.xml:10:5-68
12-->[:firebase_messaging] AndroidManifest.xml:10:22-65
13    <uses-permission android:name="android.permission.ACCESS_NETWORK_STATE" /> <!-- Permissions options for the `notification` group -->
13-->[:firebase_messaging] AndroidManifest.xml:11:5-79
13-->[:firebase_messaging] AndroidManifest.xml:11:22-76
14    <uses-permission android:name="android.permission.POST_NOTIFICATIONS" />
14-->[:firebase_messaging] AndroidManifest.xml:13:5-77
14-->[:firebase_messaging] AndroidManifest.xml:13:22-74
15    <uses-permission android:name="android.permission.RECEIVE_BOOT_COMPLETED" />
15-->[:flutter_local_notifications] AndroidManifest.xml:9:5-81
15-->[:flutter_local_notifications] AndroidManifest.xml:9:22-78
16    <uses-permission android:name="android.permission.VIBRATE" />
16-->[:flutter_local_notifications] AndroidManifest.xml:10:5-66
16-->[:flutter_local_notifications] AndroidManifest.xml:10:22-63
17    <uses-permission android:name="android.permission.USE_FULL_SCREEN_INTENT" />
17-->[:flutter_local_notifications] AndroidManifest.xml:11:5-81
17-->[:flutter_local_notifications] AndroidManifest.xml:11:22-78
18    <uses-permission android:name="android.permission.SCHEDULE_EXACT_ALARM" /> <!-- Required by older versions of Google Play services to create IID tokens -->
18-->[:flutter_local_notifications] AndroidManifest.xml:12:5-79
18-->[:flutter_local_notifications] AndroidManifest.xml:12:22-76
19    <uses-permission android:name="com.google.android.c2dm.permission.RECEIVE" />
19-->[com.google.firebase:firebase-messaging:23.4.0] AndroidManifest.xml:26:5-82
19-->[com.google.firebase:firebase-messaging:23.4.0] AndroidManifest.xml:26:22-79
20
21    <uses-feature
21-->[com.google.android.gms:play-services-maps:18.2.0] AndroidManifest.xml:26:5-28:35
22        android:glEsVersion="0x00020000"
22-->[com.google.android.gms:play-services-maps:18.2.0] AndroidManifest.xml:27:9-41
23        android:required="true" />
23-->[com.google.android.gms:play-services-maps:18.2.0] AndroidManifest.xml:28:9-32
24
25    <queries>
25-->[com.google.android.gms:play-services-maps:18.2.0] AndroidManifest.xml:30:5-34:15
26
27        <!-- Needs to be explicitly declared on Android R+ -->
28        <package android:name="com.google.android.apps.maps" />
28-->[com.google.android.gms:play-services-maps:18.2.0] AndroidManifest.xml:33:9-64
28-->[com.google.android.gms:play-services-maps:18.2.0] AndroidManifest.xml:33:18-61
29    </queries>
30
31    <uses-permission android:name="com.google.android.providers.gsf.permission.READ_GSERVICES" />
31-->[com.google.android.recaptcha:recaptcha:18.4.0] AndroidManifest.xml:9:5-98
31-->[com.google.android.recaptcha:recaptcha:18.4.0] AndroidManifest.xml:9:22-95
32
33    <permission
33-->[androidx.core:core:1.10.1] AndroidManifest.xml:22:5-24:47
34        android:name="com.example.w_health.DYNAMIC_RECEIVER_NOT_EXPORTED_PERMISSION"
34-->[androidx.core:core:1.10.1] AndroidManifest.xml:23:9-81
35        android:protectionLevel="signature" />
35-->[androidx.core:core:1.10.1] AndroidManifest.xml:24:9-44
36
37    <uses-permission android:name="com.example.w_health.DYNAMIC_RECEIVER_NOT_EXPORTED_PERMISSION" />
37-->[androidx.core:core:1.10.1] AndroidManifest.xml:26:5-97
37-->[androidx.core:core:1.10.1] AndroidManifest.xml:26:22-94
38
39    <application
40        android:name="android.app.Application"
40-->src\main\AndroidManifest.xml:5:9-42
41        android:appComponentFactory="androidx.core.app.CoreComponentFactory"
41-->[androidx.core:core:1.10.1] AndroidManifest.xml:28:18-86
42        android:icon="@mipmap/ic_launcher"
42-->src\main\AndroidManifest.xml:6:9-43
43        android:label="w_health" >
43-->src\main\AndroidManifest.xml:4:9-33
44        <activity
44-->src\main\AndroidManifest.xml:7:9-27:20
45            android:name="com.example.w_health.MainActivity"
45-->src\main\AndroidManifest.xml:8:13-41
46            android:configChanges="orientation|keyboardHidden|keyboard|screenSize|smallestScreenSize|locale|layoutDirection|fontScale|screenLayout|density|uiMode"
46-->src\main\AndroidManifest.xml:12:13-163
47            android:exported="true"
47-->src\main\AndroidManifest.xml:9:13-36
48            android:hardwareAccelerated="true"
48-->src\main\AndroidManifest.xml:13:13-47
49            android:launchMode="singleTop"
49-->src\main\AndroidManifest.xml:10:13-43
50            android:theme="@style/LaunchTheme"
50-->src\main\AndroidManifest.xml:11:13-47
51            android:windowSoftInputMode="adjustResize" >
51-->src\main\AndroidManifest.xml:14:13-55
52
53            <!--
54                 Specifies an Android theme to apply to this Activity as soon as
55                 the Android process has started. This theme is visible to the user
56                 while the Flutter UI initializes. After that, this theme continues
57                 to determine the Window background behind the Flutter UI.
58            -->
59            <meta-data
59-->src\main\AndroidManifest.xml:19:13-22:17
60                android:name="io.flutter.embedding.android.NormalTheme"
60-->src\main\AndroidManifest.xml:20:15-70
61                android:resource="@style/NormalTheme" />
61-->src\main\AndroidManifest.xml:21:15-52
62
63            <intent-filter>
63-->src\main\AndroidManifest.xml:23:13-26:29
64                <action android:name="android.intent.action.MAIN" />
64-->src\main\AndroidManifest.xml:24:17-68
64-->src\main\AndroidManifest.xml:24:25-66
65
66                <category android:name="android.intent.category.LAUNCHER" />
66-->src\main\AndroidManifest.xml:25:17-76
66-->src\main\AndroidManifest.xml:25:27-74
67            </intent-filter>
68        </activity>
69        <!--
70             Don't delete the meta-data below.
71             This is used by the Flutter tool to generate GeneratedPluginRegistrant.java
72        -->
73        <meta-data
73-->src\main\AndroidManifest.xml:30:9-32:33
74            android:name="flutterEmbedding"
74-->src\main\AndroidManifest.xml:31:13-44
75            android:value="2" />
75-->src\main\AndroidManifest.xml:32:13-30
76        <meta-data
76-->src\main\AndroidManifest.xml:33:8-35:70
77            android:name="com.google.android.geo.API_KEY"
77-->src\main\AndroidManifest.xml:34:12-57
78            android:value="AIzaSyCuTveeA4-fX8VofGLM6N4kkQFkb6RncEM" />
78-->src\main\AndroidManifest.xml:35:12-67
79
80        <service
80-->[:cloud_firestore] AndroidManifest.xml:10:9-14:19
81            android:name="com.google.firebase.components.ComponentDiscoveryService"
81-->[:cloud_firestore] AndroidManifest.xml:10:18-89
82            android:directBootAware="true"
82-->[com.google.firebase:firebase-common:20.4.2] AndroidManifest.xml:32:13-43
83            android:exported="false" >
83-->[com.google.firebase:firebase-auth:22.3.1] AndroidManifest.xml:68:13-37
84            <meta-data
84-->[:cloud_firestore] AndroidManifest.xml:11:13-13:85
85                android:name="com.google.firebase.components:io.flutter.plugins.firebase.firestore.FlutterFirebaseFirestoreRegistrar"
85-->[:cloud_firestore] AndroidManifest.xml:12:17-134
86                android:value="com.google.firebase.components.ComponentRegistrar" />
86-->[:cloud_firestore] AndroidManifest.xml:13:17-82
87            <meta-data
87-->[:firebase_auth] AndroidManifest.xml:11:13-13:85
88                android:name="com.google.firebase.components:io.flutter.plugins.firebase.auth.FlutterFirebaseAuthRegistrar"
88-->[:firebase_auth] AndroidManifest.xml:12:17-124
89                android:value="com.google.firebase.components.ComponentRegistrar" />
89-->[:firebase_auth] AndroidManifest.xml:13:17-82
90            <meta-data
90-->[:firebase_messaging] AndroidManifest.xml:38:13-40:85
91                android:name="com.google.firebase.components:io.flutter.plugins.firebase.messaging.FlutterFirebaseAppRegistrar"
91-->[:firebase_messaging] AndroidManifest.xml:39:17-128
92                android:value="com.google.firebase.components.ComponentRegistrar" />
92-->[:firebase_messaging] AndroidManifest.xml:40:17-82
93            <meta-data
93-->[:firebase_core] AndroidManifest.xml:11:13-13:85
94                android:name="com.google.firebase.components:io.flutter.plugins.firebase.core.FlutterFirebaseCoreRegistrar"
94-->[:firebase_core] AndroidManifest.xml:12:17-124
95                android:value="com.google.firebase.components.ComponentRegistrar" />
95-->[:firebase_core] AndroidManifest.xml:13:17-82
96            <meta-data
96-->[com.google.firebase:firebase-auth:22.3.1] AndroidManifest.xml:69:13-71:85
97                android:name="com.google.firebase.components:com.google.firebase.auth.FirebaseAuthRegistrar"
97-->[com.google.firebase:firebase-auth:22.3.1] AndroidManifest.xml:70:17-109
98                android:value="com.google.firebase.components.ComponentRegistrar" />
98-->[com.google.firebase:firebase-auth:22.3.1] AndroidManifest.xml:71:17-82
99            <meta-data
99-->[com.google.firebase:firebase-firestore:24.10.1] AndroidManifest.xml:17:13-19:85
100                android:name="com.google.firebase.components:com.google.firebase.firestore.FirebaseFirestoreKtxRegistrar"
100-->[com.google.firebase:firebase-firestore:24.10.1] AndroidManifest.xml:18:17-122
101                android:value="com.google.firebase.components.ComponentRegistrar" />
101-->[com.google.firebase:firebase-firestore:24.10.1] AndroidManifest.xml:19:17-82
102            <meta-data
102-->[com.google.firebase:firebase-firestore:24.10.1] AndroidManifest.xml:20:13-22:85
103                android:name="com.google.firebase.components:com.google.firebase.firestore.FirestoreRegistrar"
103-->[com.google.firebase:firebase-firestore:24.10.1] AndroidManifest.xml:21:17-111
104                android:value="com.google.firebase.components.ComponentRegistrar" />
104-->[com.google.firebase:firebase-firestore:24.10.1] AndroidManifest.xml:22:17-82
105            <meta-data
105-->[com.google.firebase:firebase-messaging:23.4.0] AndroidManifest.xml:57:13-59:85
106                android:name="com.google.firebase.components:com.google.firebase.messaging.FirebaseMessagingKtxRegistrar"
106-->[com.google.firebase:firebase-messaging:23.4.0] AndroidManifest.xml:58:17-122
107                android:value="com.google.firebase.components.ComponentRegistrar" />
107-->[com.google.firebase:firebase-messaging:23.4.0] AndroidManifest.xml:59:17-82
108            <meta-data
108-->[com.google.firebase:firebase-messaging:23.4.0] AndroidManifest.xml:60:13-62:85
109                android:name="com.google.firebase.components:com.google.firebase.messaging.FirebaseMessagingRegistrar"
109-->[com.google.firebase:firebase-messaging:23.4.0] AndroidManifest.xml:61:17-119
110                android:value="com.google.firebase.components.ComponentRegistrar" />
110-->[com.google.firebase:firebase-messaging:23.4.0] AndroidManifest.xml:62:17-82
111            <meta-data
111-->[com.google.firebase:firebase-iid:21.1.0] AndroidManifest.xml:32:13-34:85
112                android:name="com.google.firebase.components:com.google.firebase.iid.Registrar"
112-->[com.google.firebase:firebase-iid:21.1.0] AndroidManifest.xml:33:17-96
113                android:value="com.google.firebase.components.ComponentRegistrar" />
113-->[com.google.firebase:firebase-iid:21.1.0] AndroidManifest.xml:34:17-82
114            <meta-data
114-->[com.google.firebase:firebase-installations:17.2.0] AndroidManifest.xml:15:13-17:85
115                android:name="com.google.firebase.components:com.google.firebase.installations.FirebaseInstallationsKtxRegistrar"
115-->[com.google.firebase:firebase-installations:17.2.0] AndroidManifest.xml:16:17-130
116                android:value="com.google.firebase.components.ComponentRegistrar" />
116-->[com.google.firebase:firebase-installations:17.2.0] AndroidManifest.xml:17:17-82
117            <meta-data
117-->[com.google.firebase:firebase-installations:17.2.0] AndroidManifest.xml:18:13-20:85
118                android:name="com.google.firebase.components:com.google.firebase.installations.FirebaseInstallationsRegistrar"
118-->[com.google.firebase:firebase-installations:17.2.0] AndroidManifest.xml:19:17-127
119                android:value="com.google.firebase.components.ComponentRegistrar" />
119-->[com.google.firebase:firebase-installations:17.2.0] AndroidManifest.xml:20:17-82
120            <meta-data
120-->[com.google.firebase:firebase-common-ktx:20.4.2] AndroidManifest.xml:12:13-14:85
121                android:name="com.google.firebase.components:com.google.firebase.ktx.FirebaseCommonLegacyRegistrar"
121-->[com.google.firebase:firebase-common-ktx:20.4.2] AndroidManifest.xml:13:17-116
122                android:value="com.google.firebase.components.ComponentRegistrar" />
122-->[com.google.firebase:firebase-common-ktx:20.4.2] AndroidManifest.xml:14:17-82
123            <meta-data
123-->[com.google.firebase:firebase-common:20.4.2] AndroidManifest.xml:35:13-37:85
124                android:name="com.google.firebase.components:com.google.firebase.FirebaseCommonKtxRegistrar"
124-->[com.google.firebase:firebase-common:20.4.2] AndroidManifest.xml:36:17-109
125                android:value="com.google.firebase.components.ComponentRegistrar" />
125-->[com.google.firebase:firebase-common:20.4.2] AndroidManifest.xml:37:17-82
126            <meta-data
126-->[com.google.firebase:firebase-datatransport:18.1.7] AndroidManifest.xml:27:13-29:85
127                android:name="com.google.firebase.components:com.google.firebase.datatransport.TransportRegistrar"
127-->[com.google.firebase:firebase-datatransport:18.1.7] AndroidManifest.xml:28:17-115
128                android:value="com.google.firebase.components.ComponentRegistrar" />
128-->[com.google.firebase:firebase-datatransport:18.1.7] AndroidManifest.xml:29:17-82
129        </service>
130        <service
130-->[:firebase_messaging] AndroidManifest.xml:16:9-19:72
131            android:name="io.flutter.plugins.firebase.messaging.FlutterFirebaseMessagingBackgroundService"
131-->[:firebase_messaging] AndroidManifest.xml:17:13-107
132            android:exported="false"
132-->[:firebase_messaging] AndroidManifest.xml:18:13-37
133            android:permission="android.permission.BIND_JOB_SERVICE" />
133-->[:firebase_messaging] AndroidManifest.xml:19:13-69
134        <service
134-->[:firebase_messaging] AndroidManifest.xml:20:9-26:19
135            android:name="io.flutter.plugins.firebase.messaging.FlutterFirebaseMessagingService"
135-->[:firebase_messaging] AndroidManifest.xml:21:13-97
136            android:exported="false" >
136-->[:firebase_messaging] AndroidManifest.xml:22:13-37
137            <intent-filter>
137-->[:firebase_messaging] AndroidManifest.xml:23:13-25:29
138                <action android:name="com.google.firebase.MESSAGING_EVENT" />
138-->[:firebase_messaging] AndroidManifest.xml:24:17-78
138-->[:firebase_messaging] AndroidManifest.xml:24:25-75
139            </intent-filter>
140        </service>
141
142        <receiver
142-->[:firebase_messaging] AndroidManifest.xml:28:9-35:20
143            android:name="io.flutter.plugins.firebase.messaging.FlutterFirebaseMessagingReceiver"
143-->[:firebase_messaging] AndroidManifest.xml:29:13-98
144            android:exported="true"
144-->[:firebase_messaging] AndroidManifest.xml:30:13-36
145            android:permission="com.google.android.c2dm.permission.SEND" >
145-->[:firebase_messaging] AndroidManifest.xml:31:13-73
146            <intent-filter>
146-->[:firebase_messaging] AndroidManifest.xml:32:13-34:29
147                <action android:name="com.google.android.c2dm.intent.RECEIVE" />
147-->[:firebase_messaging] AndroidManifest.xml:33:17-81
147-->[:firebase_messaging] AndroidManifest.xml:33:25-78
148            </intent-filter>
149        </receiver>
150
151        <provider
151-->[:firebase_messaging] AndroidManifest.xml:43:9-47:38
152            android:name="io.flutter.plugins.firebase.messaging.FlutterFirebaseMessagingInitProvider"
152-->[:firebase_messaging] AndroidManifest.xml:44:13-102
153            android:authorities="com.example.w_health.flutterfirebasemessaginginitprovider"
153-->[:firebase_messaging] AndroidManifest.xml:45:13-88
154            android:exported="false"
154-->[:firebase_messaging] AndroidManifest.xml:46:13-37
155            android:initOrder="99" />
155-->[:firebase_messaging] AndroidManifest.xml:47:13-35
156
157        <service
157-->[:geolocator_android] AndroidManifest.xml:10:9-14:56
158            android:name="com.baseflow.geolocator.GeolocatorLocationService"
158-->[:geolocator_android] AndroidManifest.xml:11:13-77
159            android:enabled="true"
159-->[:geolocator_android] AndroidManifest.xml:12:13-35
160            android:exported="false"
160-->[:geolocator_android] AndroidManifest.xml:13:13-37
161            android:foregroundServiceType="location" />
161-->[:geolocator_android] AndroidManifest.xml:14:13-53
162
163        <provider
163-->[:image_picker_android] AndroidManifest.xml:10:9-18:20
164            android:name="io.flutter.plugins.imagepicker.ImagePickerFileProvider"
164-->[:image_picker_android] AndroidManifest.xml:11:13-82
165            android:authorities="com.example.w_health.flutter.image_provider"
165-->[:image_picker_android] AndroidManifest.xml:12:13-74
166            android:exported="false"
166-->[:image_picker_android] AndroidManifest.xml:13:13-37
167            android:grantUriPermissions="true" >
167-->[:image_picker_android] AndroidManifest.xml:14:13-47
168            <meta-data
168-->[:image_picker_android] AndroidManifest.xml:15:13-17:75
169                android:name="android.support.FILE_PROVIDER_PATHS"
169-->[:image_picker_android] AndroidManifest.xml:16:17-67
170                android:resource="@xml/flutter_image_picker_file_paths" />
170-->[:image_picker_android] AndroidManifest.xml:17:17-72
171        </provider>
172
173        <receiver
173-->[:flutter_local_notifications] AndroidManifest.xml:16:9-18:40
174            android:name="com.dexterous.flutterlocalnotifications.ActionBroadcastReceiver"
174-->[:flutter_local_notifications] AndroidManifest.xml:17:13-91
175            android:exported="false" />
175-->[:flutter_local_notifications] AndroidManifest.xml:18:13-37
176        <receiver
176-->[:flutter_local_notifications] AndroidManifest.xml:19:9-21:40
177            android:name="com.dexterous.flutterlocalnotifications.ScheduledNotificationReceiver"
177-->[:flutter_local_notifications] AndroidManifest.xml:20:13-97
178            android:exported="false" />
178-->[:flutter_local_notifications] AndroidManifest.xml:21:13-37
179        <receiver
179-->[:flutter_local_notifications] AndroidManifest.xml:22:9-31:20
180            android:name="com.dexterous.flutterlocalnotifications.ScheduledNotificationBootReceiver"
180-->[:flutter_local_notifications] AndroidManifest.xml:23:13-101
181            android:exported="false" >
181-->[:flutter_local_notifications] AndroidManifest.xml:24:13-37
182            <intent-filter>
182-->[:flutter_local_notifications] AndroidManifest.xml:25:13-30:29
183                <action android:name="android.intent.action.BOOT_COMPLETED" />
183-->[:flutter_local_notifications] AndroidManifest.xml:26:17-79
183-->[:flutter_local_notifications] AndroidManifest.xml:26:25-76
184                <action android:name="android.intent.action.MY_PACKAGE_REPLACED" />
184-->[:flutter_local_notifications] AndroidManifest.xml:27:17-84
184-->[:flutter_local_notifications] AndroidManifest.xml:27:25-81
185                <action android:name="android.intent.action.QUICKBOOT_POWERON" />
185-->[:flutter_local_notifications] AndroidManifest.xml:28:17-82
185-->[:flutter_local_notifications] AndroidManifest.xml:28:25-79
186                <action android:name="com.htc.intent.action.QUICKBOOT_POWERON" />
186-->[:flutter_local_notifications] AndroidManifest.xml:29:17-82
186-->[:flutter_local_notifications] AndroidManifest.xml:29:25-79
187            </intent-filter>
188        </receiver>
189
190        <activity
190-->[:url_launcher_android] AndroidManifest.xml:10:9-13:74
191            android:name="io.flutter.plugins.urllauncher.WebViewActivity"
191-->[:url_launcher_android] AndroidManifest.xml:11:13-74
192            android:exported="false"
192-->[:url_launcher_android] AndroidManifest.xml:12:13-37
193            android:theme="@android:style/Theme.NoTitleBar.Fullscreen" />
193-->[:url_launcher_android] AndroidManifest.xml:13:13-71
194
195        <uses-library
195-->[androidx.window:window:1.0.0-rc01] AndroidManifest.xml:25:9-27:40
196            android:name="androidx.window.extensions"
196-->[androidx.window:window:1.0.0-rc01] AndroidManifest.xml:26:13-54
197            android:required="false" />
197-->[androidx.window:window:1.0.0-rc01] AndroidManifest.xml:27:13-37
198        <uses-library
198-->[androidx.window:window:1.0.0-rc01] AndroidManifest.xml:28:9-30:40
199            android:name="androidx.window.sidecar"
199-->[androidx.window:window:1.0.0-rc01] AndroidManifest.xml:29:13-51
200            android:required="false" />
200-->[androidx.window:window:1.0.0-rc01] AndroidManifest.xml:30:13-37
201
202        <activity
202-->[com.google.firebase:firebase-auth:22.3.1] AndroidManifest.xml:29:9-46:20
203            android:name="com.google.firebase.auth.internal.GenericIdpActivity"
203-->[com.google.firebase:firebase-auth:22.3.1] AndroidManifest.xml:30:13-80
204            android:excludeFromRecents="true"
204-->[com.google.firebase:firebase-auth:22.3.1] AndroidManifest.xml:31:13-46
205            android:exported="true"
205-->[com.google.firebase:firebase-auth:22.3.1] AndroidManifest.xml:32:13-36
206            android:launchMode="singleTask"
206-->[com.google.firebase:firebase-auth:22.3.1] AndroidManifest.xml:33:13-44
207            android:theme="@android:style/Theme.Translucent.NoTitleBar" >
207-->[com.google.firebase:firebase-auth:22.3.1] AndroidManifest.xml:34:13-72
208            <intent-filter>
208-->[com.google.firebase:firebase-auth:22.3.1] AndroidManifest.xml:35:13-45:29
209                <action android:name="android.intent.action.VIEW" />
209-->[com.google.firebase:firebase-auth:22.3.1] AndroidManifest.xml:36:17-69
209-->[com.google.firebase:firebase-auth:22.3.1] AndroidManifest.xml:36:25-66
210
211                <category android:name="android.intent.category.DEFAULT" />
211-->[com.google.firebase:firebase-auth:22.3.1] AndroidManifest.xml:38:17-76
211-->[com.google.firebase:firebase-auth:22.3.1] AndroidManifest.xml:38:27-73
212                <category android:name="android.intent.category.BROWSABLE" />
212-->[com.google.firebase:firebase-auth:22.3.1] AndroidManifest.xml:39:17-78
212-->[com.google.firebase:firebase-auth:22.3.1] AndroidManifest.xml:39:27-75
213
214                <data
214-->[com.google.firebase:firebase-auth:22.3.1] AndroidManifest.xml:41:17-44:51
215                    android:host="firebase.auth"
215-->[com.google.firebase:firebase-auth:22.3.1] AndroidManifest.xml:42:21-49
216                    android:path="/"
216-->[com.google.firebase:firebase-auth:22.3.1] AndroidManifest.xml:43:21-37
217                    android:scheme="genericidp" />
217-->[com.google.firebase:firebase-auth:22.3.1] AndroidManifest.xml:44:21-48
218            </intent-filter>
219        </activity>
220        <activity
220-->[com.google.firebase:firebase-auth:22.3.1] AndroidManifest.xml:47:9-64:20
221            android:name="com.google.firebase.auth.internal.RecaptchaActivity"
221-->[com.google.firebase:firebase-auth:22.3.1] AndroidManifest.xml:48:13-79
222            android:excludeFromRecents="true"
222-->[com.google.firebase:firebase-auth:22.3.1] AndroidManifest.xml:49:13-46
223            android:exported="true"
223-->[com.google.firebase:firebase-auth:22.3.1] AndroidManifest.xml:50:13-36
224            android:launchMode="singleTask"
224-->[com.google.firebase:firebase-auth:22.3.1] AndroidManifest.xml:51:13-44
225            android:theme="@android:style/Theme.Translucent.NoTitleBar" >
225-->[com.google.firebase:firebase-auth:22.3.1] AndroidManifest.xml:52:13-72
226            <intent-filter>
226-->[com.google.firebase:firebase-auth:22.3.1] AndroidManifest.xml:53:13-63:29
227                <action android:name="android.intent.action.VIEW" />
227-->[com.google.firebase:firebase-auth:22.3.1] AndroidManifest.xml:36:17-69
227-->[com.google.firebase:firebase-auth:22.3.1] AndroidManifest.xml:36:25-66
228
229                <category android:name="android.intent.category.DEFAULT" />
229-->[com.google.firebase:firebase-auth:22.3.1] AndroidManifest.xml:38:17-76
229-->[com.google.firebase:firebase-auth:22.3.1] AndroidManifest.xml:38:27-73
230                <category android:name="android.intent.category.BROWSABLE" />
230-->[com.google.firebase:firebase-auth:22.3.1] AndroidManifest.xml:39:17-78
230-->[com.google.firebase:firebase-auth:22.3.1] AndroidManifest.xml:39:27-75
231
232                <data
232-->[com.google.firebase:firebase-auth:22.3.1] AndroidManifest.xml:41:17-44:51
233                    android:host="firebase.auth"
233-->[com.google.firebase:firebase-auth:22.3.1] AndroidManifest.xml:42:21-49
234                    android:path="/"
234-->[com.google.firebase:firebase-auth:22.3.1] AndroidManifest.xml:43:21-37
235                    android:scheme="recaptcha" />
235-->[com.google.firebase:firebase-auth:22.3.1] AndroidManifest.xml:44:21-48
236            </intent-filter>
237        </activity>
238
239        <receiver
239-->[com.google.firebase:firebase-messaging:23.4.0] AndroidManifest.xml:29:9-40:20
240            android:name="com.google.firebase.iid.FirebaseInstanceIdReceiver"
240-->[com.google.firebase:firebase-messaging:23.4.0] AndroidManifest.xml:30:13-78
241            android:exported="true"
241-->[com.google.firebase:firebase-messaging:23.4.0] AndroidManifest.xml:31:13-36
242            android:permission="com.google.android.c2dm.permission.SEND" >
242-->[com.google.firebase:firebase-messaging:23.4.0] AndroidManifest.xml:32:13-73
243            <intent-filter>
243-->[:firebase_messaging] AndroidManifest.xml:32:13-34:29
244                <action android:name="com.google.android.c2dm.intent.RECEIVE" />
244-->[:firebase_messaging] AndroidManifest.xml:33:17-81
244-->[:firebase_messaging] AndroidManifest.xml:33:25-78
245            </intent-filter>
246
247            <meta-data
247-->[com.google.firebase:firebase-messaging:23.4.0] AndroidManifest.xml:37:13-39:40
248                android:name="com.google.android.gms.cloudmessaging.FINISHED_AFTER_HANDLED"
248-->[com.google.firebase:firebase-messaging:23.4.0] AndroidManifest.xml:38:17-92
249                android:value="true" />
249-->[com.google.firebase:firebase-messaging:23.4.0] AndroidManifest.xml:39:17-37
250        </receiver>
251        <!--
252             FirebaseMessagingService performs security checks at runtime,
253             but set to not exported to explicitly avoid allowing another app to call it.
254        -->
255        <service
255-->[com.google.firebase:firebase-messaging:23.4.0] AndroidManifest.xml:46:9-53:19
256            android:name="com.google.firebase.messaging.FirebaseMessagingService"
256-->[com.google.firebase:firebase-messaging:23.4.0] AndroidManifest.xml:47:13-82
257            android:directBootAware="true"
257-->[com.google.firebase:firebase-messaging:23.4.0] AndroidManifest.xml:48:13-43
258            android:exported="false" >
258-->[com.google.firebase:firebase-messaging:23.4.0] AndroidManifest.xml:49:13-37
259            <intent-filter android:priority="-500" >
259-->[:firebase_messaging] AndroidManifest.xml:23:13-25:29
260                <action android:name="com.google.firebase.MESSAGING_EVENT" />
260-->[:firebase_messaging] AndroidManifest.xml:24:17-78
260-->[:firebase_messaging] AndroidManifest.xml:24:25-75
261            </intent-filter>
262        </service> <!-- Needs to be explicitly declared on P+ -->
263        <uses-library
263-->[com.google.android.gms:play-services-maps:18.2.0] AndroidManifest.xml:39:9-41:40
264            android:name="org.apache.http.legacy"
264-->[com.google.android.gms:play-services-maps:18.2.0] AndroidManifest.xml:40:13-50
265            android:required="false" />
265-->[com.google.android.gms:play-services-maps:18.2.0] AndroidManifest.xml:41:13-37
266
267        <activity
267-->[com.google.android.gms:play-services-auth:20.7.0] AndroidManifest.xml:23:9-27:75
268            android:name="com.google.android.gms.auth.api.signin.internal.SignInHubActivity"
268-->[com.google.android.gms:play-services-auth:20.7.0] AndroidManifest.xml:24:13-93
269            android:excludeFromRecents="true"
269-->[com.google.android.gms:play-services-auth:20.7.0] AndroidManifest.xml:25:13-46
270            android:exported="false"
270-->[com.google.android.gms:play-services-auth:20.7.0] AndroidManifest.xml:26:13-37
271            android:theme="@android:style/Theme.Translucent.NoTitleBar" />
271-->[com.google.android.gms:play-services-auth:20.7.0] AndroidManifest.xml:27:13-72
272        <!--
273            Service handling Google Sign-In user revocation. For apps that do not integrate with
274            Google Sign-In, this service will never be started.
275        -->
276        <service
276-->[com.google.android.gms:play-services-auth:20.7.0] AndroidManifest.xml:33:9-37:51
277            android:name="com.google.android.gms.auth.api.signin.RevocationBoundService"